  ELodowka.cpp
  ELodowkaMenuManager.cpp
c:\users\mihau\desktop\pk4pro\ksiazkaprzepisowkucharskich\pk4pro\elodowkamenumanager.h(19): warning C4091: "static ": zignorowano na lewo od "ELodowkaMenuManager::State" podczas gdy brak deklaracji zmiennej
c:\users\mihau\desktop\pk4pro\ksiazkaprzepisowkucharskich\pk4pro\validator.h(18): warning C4091: "static ": zignorowano na lewo od "Validator" podczas gdy brak deklaracji zmiennej
  FileManager.cpp
c:\users\mihau\desktop\pk4pro\ksiazkaprzepisowkucharskich\pk4pro\filemanager.cpp(105): warning C4018: "<": niezgodność typu ze znakiem/bez znaku
c:\users\mihau\desktop\pk4pro\ksiazkaprzepisowkucharskich\pk4pro\filemanager.cpp(137): warning C4018: "<": niezgodność typu ze znakiem/bez znaku
c:\users\mihau\desktop\pk4pro\ksiazkaprzepisowkucharskich\pk4pro\filemanager.cpp(194): warning C4018: "<": niezgodność typu ze znakiem/bez znaku
  Main.cpp
c:\users\mihau\desktop\pk4pro\ksiazkaprzepisowkucharskich\pk4pro\elodowkamenumanager.h(19): warning C4091: "static ": zignorowano na lewo od "ELodowkaMenuManager::State" podczas gdy brak deklaracji zmiennej
c:\users\mihau\desktop\pk4pro\ksiazkaprzepisowkucharskich\pk4pro\menumanager.h(21): warning C4091: "static ": zignorowano na lewo od "MenuManager::State" podczas gdy brak deklaracji zmiennej
  MenuManager.cpp
c:\users\mihau\desktop\pk4pro\ksiazkaprzepisowkucharskich\pk4pro\elodowkamenumanager.h(19): warning C4091: "static ": zignorowano na lewo od "ELodowkaMenuManager::State" podczas gdy brak deklaracji zmiennej
c:\users\mihau\desktop\pk4pro\ksiazkaprzepisowkucharskich\pk4pro\menumanager.h(21): warning C4091: "static ": zignorowano na lewo od "MenuManager::State" podczas gdy brak deklaracji zmiennej
c:\users\mihau\desktop\pk4pro\ksiazkaprzepisowkucharskich\pk4pro\validator.h(18): warning C4091: "static ": zignorowano na lewo od "Validator" podczas gdy brak deklaracji zmiennej
c:\users\mihau\desktop\pk4pro\ksiazkaprzepisowkucharskich\pk4pro\menumanager.cpp(192): warning C4101: "ocena": lokalna zmienna, do której nie istnieje odwołanie
c:\users\mihau\desktop\pk4pro\ksiazkaprzepisowkucharskich\pk4pro\menumanager.cpp(197): warning C4101: "iloscSkladnikow": lokalna zmienna, do której nie istnieje odwołanie
c:\users\mihau\desktop\pk4pro\ksiazkaprzepisowkucharskich\pk4pro\menumanager.cpp(191): warning C4101: "czasPrzygotowania": lokalna zmienna, do której nie istnieje odwołanie
c:\users\mihau\desktop\pk4pro\ksiazkaprzepisowkucharskich\pk4pro\menumanager.cpp(200): warning C4101: "ilosc": lokalna zmienna, do której nie istnieje odwołanie
c:\users\mihau\desktop\pk4pro\ksiazkaprzepisowkucharskich\pk4pro\menumanager.cpp(201): warning C4101: "cena": lokalna zmienna, do której nie istnieje odwołanie
c:\users\mihau\desktop\pk4pro\ksiazkaprzepisowkucharskich\pk4pro\menumanager.cpp(193): warning C4101: "koszt": lokalna zmienna, do której nie istnieje odwołanie
  Generowanie kodu...
  PK4PRO.vcxproj -> C:\Users\Mihau\Desktop\PK4PRO\KsiazkaPrzepisowKucharskich\Debug\PK4PRO.exe
