  ELodowka.cpp
  ELodowkaMenuManager.cpp
c:\users\mihau\desktop\pk4pro\pk4pro\elodowkamenumanager.h(19): warning C4091: "static ": zignorowano na lewo od "ELodowkaMenuManager::State" podczas gdy brak deklaracji zmiennej
c:\users\mihau\desktop\pk4pro\pk4pro\validator.h(18): warning C4091: "static ": zignorowano na lewo od "Validator" podczas gdy brak deklaracji zmiennej
  FileManager.cpp
  Ingredient.cpp
  Main.cpp
c:\users\mihau\desktop\pk4pro\pk4pro\elodowkamenumanager.h(19): warning C4091: "static ": zignorowano na lewo od "ELodowkaMenuManager::State" podczas gdy brak deklaracji zmiennej
c:\users\mihau\desktop\pk4pro\pk4pro\menumanager.h(21): warning C4091: "static ": zignorowano na lewo od "MenuManager::State" podczas gdy brak deklaracji zmiennej
  MenuManager.cpp
c:\users\mihau\desktop\pk4pro\pk4pro\elodowkamenumanager.h(19): warning C4091: "static ": zignorowano na lewo od "ELodowkaMenuManager::State" podczas gdy brak deklaracji zmiennej
c:\users\mihau\desktop\pk4pro\pk4pro\menumanager.h(21): warning C4091: "static ": zignorowano na lewo od "MenuManager::State" podczas gdy brak deklaracji zmiennej
c:\users\mihau\desktop\pk4pro\pk4pro\validator.h(18): warning C4091: "static ": zignorowano na lewo od "Validator" podczas gdy brak deklaracji zmiennej
c:\users\mihau\desktop\pk4pro\pk4pro\menumanager.cpp(156): warning C4101: "ocena": lokalna zmienna, do której nie istnieje odwołanie
c:\users\mihau\desktop\pk4pro\pk4pro\menumanager.cpp(161): warning C4101: "iloscSkladnikow": lokalna zmienna, do której nie istnieje odwołanie
c:\users\mihau\desktop\pk4pro\pk4pro\menumanager.cpp(155): warning C4101: "czasPrzygotowania": lokalna zmienna, do której nie istnieje odwołanie
c:\users\mihau\desktop\pk4pro\pk4pro\menumanager.cpp(164): warning C4101: "ilosc": lokalna zmienna, do której nie istnieje odwołanie
c:\users\mihau\desktop\pk4pro\pk4pro\menumanager.cpp(165): warning C4101: "cena": lokalna zmienna, do której nie istnieje odwołanie
c:\users\mihau\desktop\pk4pro\pk4pro\menumanager.cpp(157): warning C4101: "koszt": lokalna zmienna, do której nie istnieje odwołanie
  MyException.cpp
  Recipe.cpp
  RecipeManager.cpp
  Validator.cpp
c:\users\mihau\desktop\pk4pro\pk4pro\validator.h(18): warning C4091: "static ": zignorowano na lewo od "Validator" podczas gdy brak deklaracji zmiennej
  Generowanie kodu...
  PK4PRO.vcxproj -> C:\Users\Mihau\Desktop\PK4PRO\x64\Debug\PK4PRO.exe
